2020-05-20 10:22:06,770 -- [test_login.py-->line:22] - INFO: 开始执行登录的用例
2020-05-20 10:22:33,242 -- [test_login.py-->line:53] - INFO: 用例执行通过
2020-05-20 10:22:55,432 -- [test_login.py-->line:77] - INFO: 用例执行通过
2020-05-20 10:22:55,961 -- [test_login.py-->line:77] - INFO: 用例执行通过
2020-05-20 10:22:56,421 -- [test_login.py-->line:77] - INFO: 用例执行通过
2020-05-20 10:22:57,521 -- [test_login.py-->line:98] - INFO: 用例执行通过
2020-05-20 10:22:58,552 -- [test_login.py-->line:98] - INFO: 用例执行通过
2020-05-20 10:23:00,840 -- [test_login.py-->line:30] - INFO: 登录的用例执行完毕
2020-05-21 21:56:27,914 -- [test_invest.py-->line:102] - INFO: 用例--输入金额不是10的整数倍---执行通过
2020-05-21 21:56:28,430 -- [test_invest.py-->line:118] - ERROR: 用例--投资金额为0---执行未通过
2020-05-21 21:56:28,430 -- [test_invest.py-->line:119] - ERROR: assert '请正确填写投标金额' == '投标金额必须为100的倍数'
  - 投标金额必须为100的倍数
  + 请正确填写投标金额
Traceback (most recent call last):
  File "C:\project\py27_class\py27_web_project\testcase\test_invest.py", line 116, in test_invest_error_window
    assert expected == res
AssertionError: assert '请正确填写投标金额' == '投标金额必须为100的倍数'
  - 投标金额必须为100的倍数
  + 请正确填写投标金额
2020-05-21 21:58:38,923 -- [test_invest.py-->line:104] - INFO: 用例--输入金额不是10的整数倍---执行通过
2020-05-21 21:58:39,317 -- [test_invest.py-->line:120] - ERROR: 用例--投资金额为0---执行未通过
2020-05-21 21:58:39,318 -- [test_invest.py-->line:121] - ERROR: assert '请正确填写投标金额' == '投标金额必须为100的倍数'
  - 投标金额必须为100的倍数
  + 请正确填写投标金额
Traceback (most recent call last):
  File "C:\project\py27_class\py27_web_project\testcase\test_invest.py", line 118, in test_invest_error_window
    assert expected == res
AssertionError: assert '请正确填写投标金额' == '投标金额必须为100的倍数'
  - 投标金额必须为100的倍数
  + 请正确填写投标金额
2020-05-21 22:03:16,731 -- [test_invest.py-->line:109] - INFO: 用例--输入金额不是10的整数倍---执行通过
2020-05-21 22:03:41,265 -- [test_invest.py-->line:127] - ERROR: 用例--投资金额为0---执行未通过
2020-05-21 22:03:41,266 -- [test_invest.py-->line:128] - ERROR: assert '请正确填写投标金额' == ''
  + 请正确填写投标金额
Traceback (most recent call last):
  File "C:\project\py27_class\py27_web_project\testcase\test_invest.py", line 125, in test_invest_error_window
    assert expected == res
AssertionError: assert '请正确填写投标金额' == ''
  + 请正确填写投标金额
2020-05-21 22:06:39,662 -- [test_invest.py-->line:109] - INFO: 用例--输入金额不是10的整数倍---执行通过
2020-05-21 22:07:05,069 -- [test_invest.py-->line:132] - INFO: 用例--投资金额为0---执行通过
2020-05-21 22:10:50,668 -- [test_invest.py-->line:108] - INFO: 用例--输入金额不是10的整数倍---执行通过
2020-05-21 22:11:15,488 -- [test_invest.py-->line:131] - INFO: 用例--投资金额为0---执行通过
2020-05-21 22:11:17,795 -- [test_login.py-->line:22] - INFO: 开始执行登录的用例
2020-05-21 22:11:43,996 -- [test_login.py-->line:53] - INFO: 用例执行通过
2020-05-21 22:12:16,179 -- [test_login.py-->line:77] - INFO: 用例执行通过
2020-05-21 22:12:21,528 -- [test_login.py-->line:77] - INFO: 用例执行通过
2020-05-21 22:12:26,966 -- [test_login.py-->line:77] - INFO: 用例执行通过
2020-05-21 22:12:32,837 -- [test_login.py-->line:94] - ERROR: 用例执行失败
2020-05-21 22:12:32,837 -- [test_login.py-->line:95] - ERROR: assert '帐号或密码错误!' == ''
  + 帐号或密码错误!
Traceback (most recent call last):
  File "C:\project\py27_class\py27_web_project\testcase\test_login.py", line 92, in test_login_error_alert
    assert case['expected'] == result
AssertionError: assert '帐号或密码错误!' == ''
  + 帐号或密码错误!
2020-05-21 22:12:38,809 -- [test_login.py-->line:94] - ERROR: 用例执行失败
2020-05-21 22:12:38,809 -- [test_login.py-->line:95] - ERROR: assert '此账号没有经过授权，请联系管理员!' == ''
  + 此账号没有经过授权，请联系管理员!
Traceback (most recent call last):
  File "C:\project\py27_class\py27_web_project\testcase\test_login.py", line 92, in test_login_error_alert
    assert case['expected'] == result
AssertionError: assert '此账号没有经过授权，请联系管理员!' == ''
  + 此账号没有经过授权，请联系管理员!
2020-05-21 22:12:41,021 -- [test_login.py-->line:29] - INFO: 登录的用例执行完毕
